{"/Users/miguel/mms/breviarium/breviarium--sanctus--core/src/sanctus-interface.ts": {"path":"/Users/miguel/mms/breviarium/breviarium--sanctus--core/src/sanctus-interface.ts","all":true,"statementMap":{},"s":{},"branchMap":{"0":{"type":"branch","line":1,"loc":{"start":{"line":1,"column":546},"end":{"line":20,"column":1}},"locations":[{"start":{"line":1,"column":546},"end":{"line":20,"column":1}}]}},"b":{"0":[1]},"fnMap":{"0":{"name":"(empty-report)","decl":{"start":{"line":1,"column":546},"end":{"line":20,"column":1}},"loc":{"start":{"line":1,"column":546},"end":{"line":20,"column":1}},"line":1}},"f":{"0":1}}
,"/Users/miguel/mms/breviarium/breviarium--sanctus--core/src/sanctus.ts": {"path":"/Users/miguel/mms/breviarium/breviarium--sanctus--core/src/sanctus.ts","all":false,"statementMap":{"2":{"start":{"line":3,"column":0},"end":{"line":3,"column":45}},"4":{"start":{"line":5,"column":0},"end":{"line":5,"column":50}},"6":{"start":{"line":7,"column":0},"end":{"line":7,"column":24}},"8":{"start":{"line":9,"column":0},"end":{"line":9,"column":38}},"9":{"start":{"line":10,"column":0},"end":{"line":10,"column":64}},"10":{"start":{"line":11,"column":0},"end":{"line":11,"column":46}},"12":{"start":{"line":13,"column":0},"end":{"line":13,"column":44}},"13":{"start":{"line":14,"column":0},"end":{"line":14,"column":5}},"15":{"start":{"line":16,"column":0},"end":{"line":16,"column":50}},"16":{"start":{"line":17,"column":0},"end":{"line":17,"column":58}},"17":{"start":{"line":18,"column":0},"end":{"line":18,"column":26}},"18":{"start":{"line":19,"column":0},"end":{"line":19,"column":5}},"20":{"start":{"line":21,"column":0},"end":{"line":21,"column":77}},"21":{"start":{"line":22,"column":0},"end":{"line":22,"column":63}},"22":{"start":{"line":23,"column":0},"end":{"line":23,"column":5}},"24":{"start":{"line":25,"column":0},"end":{"line":25,"column":46}},"25":{"start":{"line":26,"column":0},"end":{"line":26,"column":63}},"26":{"start":{"line":27,"column":0},"end":{"line":27,"column":57}},"27":{"start":{"line":28,"column":0},"end":{"line":28,"column":6}},"30":{"start":{"line":31,"column":0},"end":{"line":31,"column":33}},"31":{"start":{"line":32,"column":0},"end":{"line":32,"column":26}},"32":{"start":{"line":33,"column":0},"end":{"line":33,"column":6}},"34":{"start":{"line":35,"column":0},"end":{"line":35,"column":31}},"35":{"start":{"line":36,"column":0},"end":{"line":36,"column":34}},"36":{"start":{"line":37,"column":0},"end":{"line":37,"column":5}},"38":{"start":{"line":39,"column":0},"end":{"line":39,"column":28}},"39":{"start":{"line":40,"column":0},"end":{"line":40,"column":34}},"40":{"start":{"line":41,"column":0},"end":{"line":41,"column":5}},"42":{"start":{"line":43,"column":0},"end":{"line":43,"column":81}},"43":{"start":{"line":44,"column":0},"end":{"line":44,"column":48}},"44":{"start":{"line":45,"column":0},"end":{"line":45,"column":64}},"46":{"start":{"line":47,"column":0},"end":{"line":47,"column":92}},"47":{"start":{"line":48,"column":0},"end":{"line":48,"column":5}},"57":{"start":{"line":58,"column":0},"end":{"line":58,"column":79}},"58":{"start":{"line":59,"column":0},"end":{"line":59,"column":33}},"59":{"start":{"line":60,"column":0},"end":{"line":60,"column":53}},"60":{"start":{"line":61,"column":0},"end":{"line":61,"column":50}},"61":{"start":{"line":62,"column":0},"end":{"line":62,"column":5}},"64":{"start":{"line":65,"column":0},"end":{"line":65,"column":1}}},"s":{"2":1,"4":1,"6":11,"8":11,"9":11,"10":11,"12":5,"13":11,"15":11,"16":3,"17":3,"18":3,"20":11,"21":1,"22":1,"24":11,"25":6,"26":6,"27":6,"30":11,"31":1,"32":1,"34":11,"35":3,"36":3,"38":11,"39":5,"40":5,"42":11,"43":6,"44":6,"46":5,"47":6,"57":11,"58":7,"59":7,"60":7,"61":7,"64":11},"branchMap":{"0":{"type":"branch","line":5,"loc":{"start":{"line":5,"column":7},"end":{"line":65,"column":1}},"locations":[{"start":{"line":5,"column":7},"end":{"line":65,"column":1}}]},"1":{"type":"branch","line":9,"loc":{"start":{"line":9,"column":4},"end":{"line":14,"column":5}},"locations":[{"start":{"line":9,"column":4},"end":{"line":14,"column":5}}]},"2":{"type":"branch","line":10,"loc":{"start":{"line":10,"column":29},"end":{"line":10,"column":64}},"locations":[{"start":{"line":10,"column":29},"end":{"line":10,"column":64}}]},"3":{"type":"branch","line":11,"loc":{"start":{"line":11,"column":12},"end":{"line":11,"column":46}},"locations":[{"start":{"line":11,"column":12},"end":{"line":11,"column":46}}]},"4":{"type":"branch","line":11,"loc":{"start":{"line":11,"column":33},"end":{"line":13,"column":44}},"locations":[{"start":{"line":11,"column":33},"end":{"line":13,"column":44}}]},"5":{"type":"branch","line":16,"loc":{"start":{"line":16,"column":4},"end":{"line":19,"column":5}},"locations":[{"start":{"line":16,"column":4},"end":{"line":19,"column":5}}]},"6":{"type":"branch","line":21,"loc":{"start":{"line":21,"column":4},"end":{"line":23,"column":5}},"locations":[{"start":{"line":21,"column":4},"end":{"line":23,"column":5}}]},"7":{"type":"branch","line":25,"loc":{"start":{"line":25,"column":4},"end":{"line":28,"column":6}},"locations":[{"start":{"line":25,"column":4},"end":{"line":28,"column":6}}]},"8":{"type":"branch","line":31,"loc":{"start":{"line":31,"column":4},"end":{"line":33,"column":6}},"locations":[{"start":{"line":31,"column":4},"end":{"line":33,"column":6}}]},"9":{"type":"branch","line":35,"loc":{"start":{"line":35,"column":4},"end":{"line":37,"column":5}},"locations":[{"start":{"line":35,"column":4},"end":{"line":37,"column":5}}]},"10":{"type":"branch","line":39,"loc":{"start":{"line":39,"column":4},"end":{"line":41,"column":5}},"locations":[{"start":{"line":39,"column":4},"end":{"line":41,"column":5}}]},"11":{"type":"branch","line":43,"loc":{"start":{"line":43,"column":12},"end":{"line":48,"column":5}},"locations":[{"start":{"line":43,"column":12},"end":{"line":48,"column":5}}]},"12":{"type":"branch","line":44,"loc":{"start":{"line":44,"column":21},"end":{"line":44,"column":48}},"locations":[{"start":{"line":44,"column":21},"end":{"line":44,"column":48}}]},"13":{"type":"branch","line":45,"loc":{"start":{"line":45,"column":12},"end":{"line":47,"column":92}},"locations":[{"start":{"line":45,"column":12},"end":{"line":47,"column":92}}]},"14":{"type":"branch","line":45,"loc":{"start":{"line":45,"column":12},"end":{"line":45,"column":64}},"locations":[{"start":{"line":45,"column":12},"end":{"line":45,"column":64}}]},"15":{"type":"branch","line":58,"loc":{"start":{"line":58,"column":12},"end":{"line":62,"column":5}},"locations":[{"start":{"line":58,"column":12},"end":{"line":62,"column":5}}]},"16":{"type":"branch","line":60,"loc":{"start":{"line":60,"column":12},"end":{"line":60,"column":53}},"locations":[{"start":{"line":60,"column":12},"end":{"line":60,"column":53}}]},"17":{"type":"branch","line":60,"loc":{"start":{"line":60,"column":31},"end":{"line":60,"column":53}},"locations":[{"start":{"line":60,"column":31},"end":{"line":60,"column":53}}]},"18":{"type":"branch","line":61,"loc":{"start":{"line":61,"column":15},"end":{"line":61,"column":48}},"locations":[{"start":{"line":61,"column":15},"end":{"line":61,"column":48}}]}},"b":{"0":[11],"1":[11],"2":[6],"3":[6],"4":[5],"5":[3],"6":[1],"7":[6],"8":[1],"9":[3],"10":[5],"11":[6],"12":[1],"13":[5],"14":[1],"15":[7],"16":[36078],"17":[2669],"18":[81]},"fnMap":{"0":{"name":"<instance_members_initializer>","decl":{"start":{"line":5,"column":7},"end":{"line":65,"column":1}},"loc":{"start":{"line":5,"column":7},"end":{"line":65,"column":1}},"line":5},"1":{"name":"Sanctus","decl":{"start":{"line":9,"column":4},"end":{"line":14,"column":5}},"loc":{"start":{"line":9,"column":4},"end":{"line":14,"column":5}},"line":9},"2":{"name":"getSaint","decl":{"start":{"line":16,"column":4},"end":{"line":19,"column":5}},"loc":{"start":{"line":16,"column":4},"end":{"line":19,"column":5}},"line":16},"3":{"name":"getSaintFromMonthDay","decl":{"start":{"line":21,"column":4},"end":{"line":23,"column":5}},"loc":{"start":{"line":21,"column":4},"end":{"line":23,"column":5}},"line":21},"4":{"name":"getSaintsOfDay","decl":{"start":{"line":25,"column":4},"end":{"line":28,"column":6}},"loc":{"start":{"line":25,"column":4},"end":{"line":28,"column":6}},"line":25},"5":{"name":"getAllSaints","decl":{"start":{"line":31,"column":4},"end":{"line":33,"column":6}},"loc":{"start":{"line":31,"column":4},"end":{"line":33,"column":6}},"line":31},"6":{"name":"setDate","decl":{"start":{"line":35,"column":4},"end":{"line":37,"column":5}},"loc":{"start":{"line":35,"column":4},"end":{"line":37,"column":5}},"line":35},"7":{"name":"getCurrentDate","decl":{"start":{"line":39,"column":4},"end":{"line":41,"column":5}},"loc":{"start":{"line":39,"column":4},"end":{"line":41,"column":5}},"line":39},"8":{"name":"getMonthAndDayFromDate","decl":{"start":{"line":43,"column":12},"end":{"line":48,"column":5}},"loc":{"start":{"line":43,"column":12},"end":{"line":48,"column":5}},"line":43},"9":{"name":"getSaintsFromMonthAndDay","decl":{"start":{"line":58,"column":12},"end":{"line":62,"column":5}},"loc":{"start":{"line":58,"column":12},"end":{"line":62,"column":5}},"line":58}},"f":{"0":11,"1":11,"2":3,"3":1,"4":6,"5":1,"6":3,"7":5,"8":6,"9":7}}
}
