{"/Users/miguel/mms/breviarium/breviarium--sanctus--core/src/sanctus-interface.ts": {"path":"/Users/miguel/mms/breviarium/breviarium--sanctus--core/src/sanctus-interface.ts","all":true,"statementMap":{},"s":{},"branchMap":{"0":{"type":"branch","line":1,"loc":{"start":{"line":1,"column":560},"end":{"line":20,"column":1}},"locations":[{"start":{"line":1,"column":560},"end":{"line":20,"column":1}}]}},"b":{"0":[1]},"fnMap":{"0":{"name":"(empty-report)","decl":{"start":{"line":1,"column":560},"end":{"line":20,"column":1}},"loc":{"start":{"line":1,"column":560},"end":{"line":20,"column":1}},"line":1}},"f":{"0":1}}
,"/Users/miguel/mms/breviarium/breviarium--sanctus--core/src/sanctus.ts": {"path":"/Users/miguel/mms/breviarium/breviarium--sanctus--core/src/sanctus.ts","all":false,"statementMap":{"2":{"start":{"line":3,"column":0},"end":{"line":3,"column":45}},"7":{"start":{"line":8,"column":0},"end":{"line":8,"column":50}},"9":{"start":{"line":10,"column":0},"end":{"line":10,"column":24}},"11":{"start":{"line":12,"column":0},"end":{"line":12,"column":38}},"12":{"start":{"line":13,"column":0},"end":{"line":13,"column":64}},"13":{"start":{"line":14,"column":0},"end":{"line":14,"column":46}},"15":{"start":{"line":16,"column":0},"end":{"line":16,"column":44}},"16":{"start":{"line":17,"column":0},"end":{"line":17,"column":5}},"18":{"start":{"line":19,"column":0},"end":{"line":19,"column":50}},"19":{"start":{"line":20,"column":0},"end":{"line":20,"column":58}},"20":{"start":{"line":21,"column":0},"end":{"line":21,"column":26}},"21":{"start":{"line":22,"column":0},"end":{"line":22,"column":5}},"28":{"start":{"line":29,"column":0},"end":{"line":29,"column":77}},"29":{"start":{"line":30,"column":0},"end":{"line":30,"column":54}},"30":{"start":{"line":31,"column":0},"end":{"line":31,"column":5}},"32":{"start":{"line":33,"column":0},"end":{"line":33,"column":46}},"33":{"start":{"line":34,"column":0},"end":{"line":34,"column":63}},"34":{"start":{"line":35,"column":0},"end":{"line":35,"column":48}},"35":{"start":{"line":36,"column":0},"end":{"line":36,"column":6}},"38":{"start":{"line":39,"column":0},"end":{"line":39,"column":33}},"39":{"start":{"line":40,"column":0},"end":{"line":40,"column":26}},"40":{"start":{"line":41,"column":0},"end":{"line":41,"column":6}},"42":{"start":{"line":43,"column":0},"end":{"line":43,"column":31}},"43":{"start":{"line":44,"column":0},"end":{"line":44,"column":34}},"44":{"start":{"line":45,"column":0},"end":{"line":45,"column":5}},"46":{"start":{"line":47,"column":0},"end":{"line":47,"column":28}},"47":{"start":{"line":48,"column":0},"end":{"line":48,"column":34}},"48":{"start":{"line":49,"column":0},"end":{"line":49,"column":5}},"50":{"start":{"line":51,"column":0},"end":{"line":51,"column":81}},"51":{"start":{"line":52,"column":0},"end":{"line":52,"column":48}},"52":{"start":{"line":53,"column":0},"end":{"line":53,"column":64}},"54":{"start":{"line":55,"column":0},"end":{"line":55,"column":92}},"55":{"start":{"line":56,"column":0},"end":{"line":56,"column":5}},"65":{"start":{"line":66,"column":0},"end":{"line":66,"column":70}},"66":{"start":{"line":67,"column":0},"end":{"line":67,"column":63}},"67":{"start":{"line":68,"column":0},"end":{"line":68,"column":33}},"68":{"start":{"line":69,"column":0},"end":{"line":69,"column":57}},"69":{"start":{"line":70,"column":0},"end":{"line":70,"column":50}},"70":{"start":{"line":71,"column":0},"end":{"line":71,"column":5}},"73":{"start":{"line":74,"column":0},"end":{"line":74,"column":1}}},"s":{"2":1,"7":1,"9":12,"11":12,"12":12,"13":12,"15":6,"16":12,"18":12,"19":4,"20":4,"21":4,"28":12,"29":1,"30":1,"32":12,"33":7,"34":7,"35":7,"38":12,"39":1,"40":1,"42":12,"43":3,"44":3,"46":12,"47":5,"48":5,"50":12,"51":7,"52":7,"54":6,"55":7,"65":12,"66":8,"67":8,"68":8,"69":8,"70":8,"73":12},"branchMap":{"0":{"type":"branch","line":8,"loc":{"start":{"line":8,"column":7},"end":{"line":74,"column":1}},"locations":[{"start":{"line":8,"column":7},"end":{"line":74,"column":1}}]},"1":{"type":"branch","line":12,"loc":{"start":{"line":12,"column":4},"end":{"line":17,"column":5}},"locations":[{"start":{"line":12,"column":4},"end":{"line":17,"column":5}}]},"2":{"type":"branch","line":13,"loc":{"start":{"line":13,"column":29},"end":{"line":13,"column":64}},"locations":[{"start":{"line":13,"column":29},"end":{"line":13,"column":64}}]},"3":{"type":"branch","line":14,"loc":{"start":{"line":14,"column":12},"end":{"line":16,"column":44}},"locations":[{"start":{"line":14,"column":12},"end":{"line":16,"column":44}}]},"4":{"type":"branch","line":19,"loc":{"start":{"line":19,"column":4},"end":{"line":22,"column":5}},"locations":[{"start":{"line":19,"column":4},"end":{"line":22,"column":5}}]},"5":{"type":"branch","line":29,"loc":{"start":{"line":29,"column":4},"end":{"line":31,"column":5}},"locations":[{"start":{"line":29,"column":4},"end":{"line":31,"column":5}}]},"6":{"type":"branch","line":33,"loc":{"start":{"line":33,"column":4},"end":{"line":36,"column":6}},"locations":[{"start":{"line":33,"column":4},"end":{"line":36,"column":6}}]},"7":{"type":"branch","line":39,"loc":{"start":{"line":39,"column":4},"end":{"line":41,"column":6}},"locations":[{"start":{"line":39,"column":4},"end":{"line":41,"column":6}}]},"8":{"type":"branch","line":43,"loc":{"start":{"line":43,"column":4},"end":{"line":45,"column":5}},"locations":[{"start":{"line":43,"column":4},"end":{"line":45,"column":5}}]},"9":{"type":"branch","line":47,"loc":{"start":{"line":47,"column":4},"end":{"line":49,"column":5}},"locations":[{"start":{"line":47,"column":4},"end":{"line":49,"column":5}}]},"10":{"type":"branch","line":51,"loc":{"start":{"line":51,"column":12},"end":{"line":56,"column":5}},"locations":[{"start":{"line":51,"column":12},"end":{"line":56,"column":5}}]},"11":{"type":"branch","line":52,"loc":{"start":{"line":52,"column":21},"end":{"line":52,"column":48}},"locations":[{"start":{"line":52,"column":21},"end":{"line":52,"column":48}}]},"12":{"type":"branch","line":53,"loc":{"start":{"line":53,"column":12},"end":{"line":55,"column":92}},"locations":[{"start":{"line":53,"column":12},"end":{"line":55,"column":92}}]},"13":{"type":"branch","line":53,"loc":{"start":{"line":53,"column":12},"end":{"line":53,"column":64}},"locations":[{"start":{"line":53,"column":12},"end":{"line":53,"column":64}}]},"14":{"type":"branch","line":66,"loc":{"start":{"line":66,"column":12},"end":{"line":71,"column":5}},"locations":[{"start":{"line":66,"column":12},"end":{"line":71,"column":5}}]},"15":{"type":"branch","line":69,"loc":{"start":{"line":69,"column":12},"end":{"line":69,"column":57}},"locations":[{"start":{"line":69,"column":12},"end":{"line":69,"column":57}}]},"16":{"type":"branch","line":69,"loc":{"start":{"line":69,"column":39},"end":{"line":69,"column":57}},"locations":[{"start":{"line":69,"column":39},"end":{"line":69,"column":57}}]},"17":{"type":"branch","line":70,"loc":{"start":{"line":70,"column":15},"end":{"line":70,"column":48}},"locations":[{"start":{"line":70,"column":15},"end":{"line":70,"column":48}}]}},"b":{"0":[12],"1":[12],"2":[6],"3":[6],"4":[4],"5":[1],"6":[7],"7":[1],"8":[3],"9":[5],"10":[7],"11":[1],"12":[6],"13":[1],"14":[8],"15":[41232],"16":[2964],"17":[96]},"fnMap":{"0":{"name":"<instance_members_initializer>","decl":{"start":{"line":8,"column":7},"end":{"line":74,"column":1}},"loc":{"start":{"line":8,"column":7},"end":{"line":74,"column":1}},"line":8},"1":{"name":"Sanctus","decl":{"start":{"line":12,"column":4},"end":{"line":17,"column":5}},"loc":{"start":{"line":12,"column":4},"end":{"line":17,"column":5}},"line":12},"2":{"name":"getSaint","decl":{"start":{"line":19,"column":4},"end":{"line":22,"column":5}},"loc":{"start":{"line":19,"column":4},"end":{"line":22,"column":5}},"line":19},"3":{"name":"getSaintFromMonthDay","decl":{"start":{"line":29,"column":4},"end":{"line":31,"column":5}},"loc":{"start":{"line":29,"column":4},"end":{"line":31,"column":5}},"line":29},"4":{"name":"getSaintsOfDay","decl":{"start":{"line":33,"column":4},"end":{"line":36,"column":6}},"loc":{"start":{"line":33,"column":4},"end":{"line":36,"column":6}},"line":33},"5":{"name":"getAllSaints","decl":{"start":{"line":39,"column":4},"end":{"line":41,"column":6}},"loc":{"start":{"line":39,"column":4},"end":{"line":41,"column":6}},"line":39},"6":{"name":"setDate","decl":{"start":{"line":43,"column":4},"end":{"line":45,"column":5}},"loc":{"start":{"line":43,"column":4},"end":{"line":45,"column":5}},"line":43},"7":{"name":"getCurrentDate","decl":{"start":{"line":47,"column":4},"end":{"line":49,"column":5}},"loc":{"start":{"line":47,"column":4},"end":{"line":49,"column":5}},"line":47},"8":{"name":"getMonthAndDayFromDate","decl":{"start":{"line":51,"column":12},"end":{"line":56,"column":5}},"loc":{"start":{"line":51,"column":12},"end":{"line":56,"column":5}},"line":51},"9":{"name":"getSaintsFromDB","decl":{"start":{"line":66,"column":12},"end":{"line":71,"column":5}},"loc":{"start":{"line":66,"column":12},"end":{"line":71,"column":5}},"line":66}},"f":{"0":12,"1":12,"2":4,"3":1,"4":7,"5":1,"6":3,"7":5,"8":7,"9":8}}
}
